<?xml version="1.0" encoding="UTF-8"?>
<!-- Generated by org.testng.reporters.JUnitReportReporter -->
<testsuite hostname="ADMINRG-N55UG9F" name="com.ActiTime.LoginTest.FbLoginTest" tests="1" failures="0" timestamp="25 Jul 2020 10:57:51 GMT" time="84.933" errors="0">
  <testcase name="check_validUser" time="84.933" classname="com.ActiTime.LoginTest.FbLoginTest"/>
</testsuite> <!-- com.ActiTime.LoginTest.FbLoginTest -->
