<?xml version="1.0" encoding="UTF-8"?>
<!-- Generated by org.testng.reporters.JUnitReportReporter -->
<testsuite hostname="ADMINRG-N55UG9F" failures="0" tests="1" name="GenerateLogs.Testlogs" time="0.014" errors="0" timestamp="30 Mar 2020 10:11:01 GMT">
  <testcase classname="GenerateLogs.Testlogs" name="info" time="0.014"/>
</testsuite> <!-- GenerateLogs.Testlogs -->
